<?xml version="1.0" encoding="UTF-8"?>
<coverage generated="1617884859995" clover="3.2.0">
  <project timestamp="1617884859996" name="All files">
    <metrics statements="42" coveredstatements="38" conditionals="0" coveredconditionals="0" methods="9" coveredmethods="4" elements="51" coveredelements="42" complexity="0" loc="42" ncloc="42" packages="1" files="7" classes="7"/>
    <file name="album.entity.ts" path="/Users/spidey/Hacker Rank/code-test/havil/saafa/api/src/album.entity.ts">
      <metrics statements="7" coveredstatements="6" conditionals="0" coveredconditionals="0" methods="1" coveredmethods="0"/>
      <line num="1" count="2" type="stmt"/>
      <line num="2" count="2" type="stmt"/>
      <line num="5" count="2" type="stmt"/>
      <line num="7" count="2" type="stmt"/>
      <line num="10" count="2" type="stmt"/>
      <line num="13" count="0" type="stmt"/>
      <line num="14" count="2" type="stmt"/>
    </file>
    <file name="artist.controller.dto.ts" path="/Users/spidey/Hacker Rank/code-test/havil/saafa/api/src/artist.controller.dto.ts">
      <metrics statements="1" coveredstatements="1" conditionals="0" coveredconditionals="0" methods="0" coveredmethods="0"/>
      <line num="1" count="2" type="stmt"/>
    </file>
    <file name="artist.controller.ts" path="/Users/spidey/Hacker Rank/code-test/havil/saafa/api/src/artist.controller.ts">
      <metrics statements="9" coveredstatements="8" conditionals="0" coveredconditionals="0" methods="3" coveredmethods="2"/>
      <line num="1" count="2" type="stmt"/>
      <line num="2" count="2" type="stmt"/>
      <line num="4" count="2" type="stmt"/>
      <line num="7" count="2" type="stmt"/>
      <line num="8" count="2" type="stmt"/>
      <line num="11" count="2" type="stmt"/>
      <line num="12" count="1" type="stmt"/>
      <line num="16" count="2" type="stmt"/>
      <line num="19" count="0" type="stmt"/>
    </file>
    <file name="artist.entity.ts" path="/Users/spidey/Hacker Rank/code-test/havil/saafa/api/src/artist.entity.ts">
      <metrics statements="7" coveredstatements="6" conditionals="0" coveredconditionals="0" methods="2" coveredmethods="0"/>
      <line num="1" count="2" type="stmt"/>
      <line num="2" count="2" type="stmt"/>
      <line num="5" count="2" type="stmt"/>
      <line num="7" count="2" type="stmt"/>
      <line num="10" count="2" type="stmt"/>
      <line num="12" count="0" type="stmt"/>
      <line num="13" count="2" type="stmt"/>
    </file>
    <file name="artist.module.ts" path="/Users/spidey/Hacker Rank/code-test/havil/saafa/api/src/artist.module.ts">
      <metrics statements="7" coveredstatements="7" conditionals="0" coveredconditionals="0" methods="0" coveredmethods="0"/>
      <line num="1" count="2" type="stmt"/>
      <line num="2" count="2" type="stmt"/>
      <line num="3" count="2" type="stmt"/>
      <line num="4" count="2" type="stmt"/>
      <line num="5" count="2" type="stmt"/>
      <line num="6" count="2" type="stmt"/>
      <line num="13" count="2" type="stmt"/>
    </file>
    <file name="artist.repository.ts" path="/Users/spidey/Hacker Rank/code-test/havil/saafa/api/src/artist.repository.ts">
      <metrics statements="3" coveredstatements="3" conditionals="0" coveredconditionals="0" methods="0" coveredmethods="0"/>
      <line num="1" count="2" type="stmt"/>
      <line num="2" count="2" type="stmt"/>
      <line num="5" count="2" type="stmt"/>
    </file>
    <file name="artist.service.ts" path="/Users/spidey/Hacker Rank/code-test/havil/saafa/api/src/artist.service.ts">
      <metrics statements="8" coveredstatements="7" conditionals="0" coveredconditionals="0" methods="3" coveredmethods="2"/>
      <line num="1" count="2" type="stmt"/>
      <line num="2" count="2" type="stmt"/>
      <line num="4" count="2" type="stmt"/>
      <line num="5" count="2" type="stmt"/>
      <line num="8" count="2" type="stmt"/>
      <line num="10" count="1" type="stmt"/>
      <line num="14" count="1" type="stmt"/>
      <line num="18" count="0" type="stmt"/>
    </file>
  </project>
</coverage>
