{"/Users/spidey/Hacker Rank/code-test/havil/saafa/api/src/album.entity.ts": {"path":"/Users/spidey/Hacker Rank/code-test/havil/saafa/api/src/album.entity.ts","statementMap":{"0":{"start":{"line":1,"column":0},"end":{"line":1,"column":67}},"1":{"start":{"line":2,"column":0},"end":{"line":2,"column":41}},"2":{"start":{"line":5,"column":0},"end":{"line":15,"column":null}},"3":{"start":{"line":7,"column":2},"end":{"line":7,"column":null}},"4":{"start":{"line":10,"column":2},"end":{"line":10,"column":null}},"5":{"start":{"line":14,"column":2},"end":{"line":14,"column":null}},"6":{"start":{"line":13,"column":19},"end":{"line":13,"column":25}},"7":{"start":{"line":5,"column":13},"end":{"line":15,"column":null}},"8":{"start":{"line":5,"column":13},"end":{"line":5,"column":18}}},"fnMap":{"0":{"name":"(anonymous_2)","decl":{"start":{"line":13,"column":13},"end":{"line":13,"column":16}},"loc":{"start":{"line":13,"column":19},"end":{"line":13,"column":25}}}},"branchMap":{},"s":{"0":2,"1":2,"2":2,"3":2,"4":2,"5":2,"6":0,"7":2,"8":2},"f":{"0":0},"b":{}}
,"/Users/spidey/Hacker Rank/code-test/havil/saafa/api/src/artist.controller.dto.ts": {"path":"/Users/spidey/Hacker Rank/code-test/havil/saafa/api/src/artist.controller.dto.ts","statementMap":{"0":{"start":{"line":1,"column":0},"end":{"line":1,"column":13}}},"fnMap":{},"branchMap":{},"s":{"0":2},"f":{},"b":{}}
,"/Users/spidey/Hacker Rank/code-test/havil/saafa/api/src/artist.controller.ts": {"path":"/Users/spidey/Hacker Rank/code-test/havil/saafa/api/src/artist.controller.ts","statementMap":{"0":{"start":{"line":1,"column":0},"end":{"line":1,"column":68}},"1":{"start":{"line":2,"column":0},"end":{"line":2,"column":55}},"2":{"start":{"line":4,"column":0},"end":{"line":4,"column":49}},"3":{"start":{"line":7,"column":0},"end":{"line":21,"column":null}},"4":{"start":{"line":8,"column":22},"end":{"line":8,"column":37}},"5":{"start":{"line":12,"column":4},"end":{"line":12,"column":42}},"6":{"start":{"line":19,"column":4},"end":{"line":19,"column":60}},"7":{"start":{"line":11,"column":2},"end":{"line":13,"column":null}},"8":{"start":{"line":16,"column":2},"end":{"line":20,"column":null}},"9":{"start":{"line":7,"column":13},"end":{"line":21,"column":null}},"10":{"start":{"line":7,"column":13},"end":{"line":7,"column":29}}},"fnMap":{"0":{"name":"(anonymous_4)","decl":{"start":{"line":8,"column":2},"end":{"line":8,"column":22}},"loc":{"start":{"line":8,"column":50},"end":{"line":8,"column":54}}},"1":{"name":"(anonymous_5)","decl":{"start":{"line":11,"column":2},"end":{"line":11,"column":7}},"loc":{"start":{"line":11,"column":47},"end":{"line":13,"column":3}}},"2":{"name":"(anonymous_6)","decl":{"start":{"line":16,"column":2},"end":{"line":16,"column":7}},"loc":{"start":{"line":17,"column":34},"end":{"line":20,"column":3}}}},"branchMap":{},"s":{"0":2,"1":2,"2":2,"3":2,"4":2,"5":1,"6":0,"7":2,"8":2,"9":2,"10":2},"f":{"0":2,"1":1,"2":0},"b":{}}
,"/Users/spidey/Hacker Rank/code-test/havil/saafa/api/src/artist.entity.ts": {"path":"/Users/spidey/Hacker Rank/code-test/havil/saafa/api/src/artist.entity.ts","statementMap":{"0":{"start":{"line":1,"column":0},"end":{"line":1,"column":67}},"1":{"start":{"line":2,"column":0},"end":{"line":2,"column":39}},"2":{"start":{"line":5,"column":0},"end":{"line":14,"column":null}},"3":{"start":{"line":7,"column":2},"end":{"line":7,"column":null}},"4":{"start":{"line":10,"column":2},"end":{"line":10,"column":null}},"5":{"start":{"line":13,"column":2},"end":{"line":13,"column":null}},"6":{"start":{"line":12,"column":19},"end":{"line":12,"column":24}},"7":{"start":{"line":12,"column":33},"end":{"line":12,"column":41}},"8":{"start":{"line":5,"column":13},"end":{"line":14,"column":null}},"9":{"start":{"line":5,"column":13},"end":{"line":5,"column":19}}},"fnMap":{"0":{"name":"(anonymous_2)","decl":{"start":{"line":12,"column":13},"end":{"line":12,"column":16}},"loc":{"start":{"line":12,"column":19},"end":{"line":12,"column":24}}},"1":{"name":"(anonymous_3)","decl":{"start":{"line":12,"column":26},"end":{"line":12,"column":27}},"loc":{"start":{"line":12,"column":33},"end":{"line":12,"column":41}}}},"branchMap":{},"s":{"0":2,"1":2,"2":2,"3":2,"4":2,"5":2,"6":0,"7":0,"8":2,"9":2},"f":{"0":0,"1":0},"b":{}}
,"/Users/spidey/Hacker Rank/code-test/havil/saafa/api/src/artist.module.ts": {"path":"/Users/spidey/Hacker Rank/code-test/havil/saafa/api/src/artist.module.ts","statementMap":{"0":{"start":{"line":1,"column":0},"end":{"line":1,"column":40}},"1":{"start":{"line":2,"column":0},"end":{"line":2,"column":48}},"2":{"start":{"line":3,"column":0},"end":{"line":3,"column":55}},"3":{"start":{"line":4,"column":0},"end":{"line":4,"column":41}},"4":{"start":{"line":5,"column":0},"end":{"line":5,"column":55}},"5":{"start":{"line":6,"column":0},"end":{"line":6,"column":49}},"6":{"start":{"line":13,"column":0},"end":{"line":13,"column":null}},"7":{"start":{"line":13,"column":13},"end":{"line":13,"column":null}},"8":{"start":{"line":13,"column":13},"end":{"line":13,"column":25}}},"fnMap":{},"branchMap":{},"s":{"0":2,"1":2,"2":2,"3":2,"4":2,"5":2,"6":2,"7":2,"8":2},"f":{},"b":{}}
,"/Users/spidey/Hacker Rank/code-test/havil/saafa/api/src/artist.repository.ts": {"path":"/Users/spidey/Hacker Rank/code-test/havil/saafa/api/src/artist.repository.ts","statementMap":{"0":{"start":{"line":1,"column":0},"end":{"line":1,"column":55}},"1":{"start":{"line":2,"column":0},"end":{"line":2,"column":41}},"2":{"start":{"line":5,"column":0},"end":{"line":5,"column":null}},"3":{"start":{"line":5,"column":13},"end":{"line":5,"column":null}},"4":{"start":{"line":5,"column":13},"end":{"line":5,"column":29}}},"fnMap":{},"branchMap":{},"s":{"0":2,"1":2,"2":2,"3":2,"4":2},"f":{},"b":{}}
,"/Users/spidey/Hacker Rank/code-test/havil/saafa/api/src/artist.service.ts": {"path":"/Users/spidey/Hacker Rank/code-test/havil/saafa/api/src/artist.service.ts","statementMap":{"0":{"start":{"line":1,"column":0},"end":{"line":1,"column":44}},"1":{"start":{"line":2,"column":0},"end":{"line":2,"column":51}},"2":{"start":{"line":4,"column":0},"end":{"line":4,"column":55}},"3":{"start":{"line":5,"column":0},"end":{"line":5,"column":31}},"4":{"start":{"line":8,"column":0},"end":{"line":22,"column":null}},"5":{"start":{"line":10,"column":49},"end":{"line":10,"column":55}},"6":{"start":{"line":14,"column":4},"end":{"line":14,"column":60}},"7":{"start":{"line":18,"column":4},"end":{"line":20,"column":7}},"8":{"start":{"line":8,"column":13},"end":{"line":22,"column":null}},"9":{"start":{"line":8,"column":13},"end":{"line":8,"column":26}}},"fnMap":{"0":{"name":"(anonymous_4)","decl":{"start":{"line":9,"column":2},"end":{"line":9,"column":null}},"loc":{"start":{"line":10,"column":71},"end":{"line":11,"column":6}}},"1":{"name":"(anonymous_5)","decl":{"start":{"line":13,"column":2},"end":{"line":13,"column":7}},"loc":{"start":{"line":13,"column":26},"end":{"line":15,"column":3}}},"2":{"name":"(anonymous_6)","decl":{"start":{"line":17,"column":2},"end":{"line":17,"column":7}},"loc":{"start":{"line":17,"column":39},"end":{"line":21,"column":3}}}},"branchMap":{},"s":{"0":2,"1":2,"2":2,"3":2,"4":2,"5":1,"6":1,"7":0,"8":2,"9":2},"f":{"0":1,"1":1,"2":0},"b":{}}
}
